[slumbot] Building 20-bucket preflop abstraction...
[slumbot] Abstraction built in 275.77s
[slumbot] Training NL MCCFR for 10000000 iterations (20 buckets)...
  [MCCFR-NL] iter 10000/10000000  avg_util=-78.4962  infosets=(363482, 583648)
  [MCCFR-NL] iter 20000/10000000  avg_util=-15.8970  infosets=(612860, 962920)
  [MCCFR-NL] iter 30000/10000000  avg_util=-3.1976  infosets=(811891, 1254083)
  [MCCFR-NL] iter 40000/10000000  avg_util=-3.0316  infosets=(975776, 1486479)
  [MCCFR-NL] iter 50000/10000000  avg_util=-1.1332  infosets=(1124987, 1699205)
  [MCCFR-NL] iter 60000/10000000  avg_util=-6.4249  infosets=(1264116, 1897718)
  [MCCFR-NL] iter 70000/10000000  avg_util=-5.7824  infosets=(1386150, 2069314)
  [MCCFR-NL] iter 80000/10000000  avg_util=-8.9445  infosets=(1496873, 2225561)
  [MCCFR-NL] iter 90000/10000000  avg_util=-10.8499  infosets=(1599391, 2367975)
  [MCCFR-NL] iter 100000/10000000  avg_util=-11.1682  infosets=(1694574, 2499525)
  [MCCFR-NL] iter 110000/10000000  avg_util=-14.2367  infosets=(1788399, 2629045)
  [MCCFR-NL] iter 120000/10000000  avg_util=-13.5055  infosets=(1874378, 2745422)
  [MCCFR-NL] iter 130000/10000000  avg_util=-9.1952  infosets=(1953179, 2853704)
  [MCCFR-NL] iter 140000/10000000  avg_util=-5.3467  infosets=(2031894, 2957413)
  [MCCFR-NL] iter 150000/10000000  avg_util=-1.7363  infosets=(2106732, 3056375)
  [MCCFR-NL] iter 160000/10000000  avg_util=-5.8672  infosets=(2175864, 3144342)
  [MCCFR-NL] iter 170000/10000000  avg_util=-6.4104  infosets=(2241916, 3229014)
  [MCCFR-NL] iter 180000/10000000  avg_util=-2.5747  infosets=(2307887, 3312642)
  [MCCFR-NL] iter 190000/10000000  avg_util=1.2713  infosets=(2368674, 3391430)
  [MCCFR-NL] iter 200000/10000000  avg_util=0.7312  infosets=(2428366, 3469594)
  [MCCFR-NL] iter 210000/10000000  avg_util=1.8841  infosets=(2485571, 3541733)
  [MCCFR-NL] iter 220000/10000000  avg_util=1.2446  infosets=(2541528, 3610558)
  [MCCFR-NL] iter 230000/10000000  avg_util=1.3095  infosets=(2593648, 3677851)
  [MCCFR-NL] iter 240000/10000000  avg_util=0.8891  infosets=(2646798, 3743922)
  [MCCFR-NL] iter 250000/10000000  avg_util=1.9371  infosets=(2700262, 3812728)
  [MCCFR-NL] iter 260000/10000000  avg_util=4.1127  infosets=(2753323, 3879116)
  [MCCFR-NL] iter 270000/10000000  avg_util=3.7565  infosets=(2801383, 3944497)
  [MCCFR-NL] iter 280000/10000000  avg_util=2.3951  infosets=(2849932, 4012165)
  [MCCFR-NL] iter 290000/10000000  avg_util=0.7316  infosets=(2896485, 4073696)
  [MCCFR-NL] iter 300000/10000000  avg_util=1.3717  infosets=(2939944, 4128406)
  [MCCFR-NL] iter 310000/10000000  avg_util=0.8263  infosets=(2986699, 4188587)
  [MCCFR-NL] iter 320000/10000000  avg_util=0.4089  infosets=(3029134, 4243075)
  [MCCFR-NL] iter 330000/10000000  avg_util=0.7054  infosets=(3069762, 4295160)
  [MCCFR-NL] iter 340000/10000000  avg_util=0.8920  infosets=(3113661, 4349101)
  [MCCFR-NL] iter 350000/10000000  avg_util=0.7048  infosets=(3151961, 4399379)
  [MCCFR-NL] iter 360000/10000000  avg_util=0.4780  infosets=(3193841, 4455007)
  [MCCFR-NL] iter 370000/10000000  avg_util=1.3275  infosets=(3234429, 4507406)
  [MCCFR-NL] iter 380000/10000000  avg_util=1.2072  infosets=(3276505, 4562830)
  [MCCFR-NL] iter 390000/10000000  avg_util=0.6906  infosets=(3315520, 4612487)
  [MCCFR-NL] iter 400000/10000000  avg_util=1.5394  infosets=(3357793, 4668587)
  [MCCFR-NL] iter 410000/10000000  avg_util=2.4004  infosets=(3401711, 4725013)
  [MCCFR-NL] iter 420000/10000000  avg_util=2.8661  infosets=(3446858, 4783558)
  [MCCFR-NL] iter 430000/10000000  avg_util=3.2698  infosets=(3486731, 4839188)
  [MCCFR-NL] iter 440000/10000000  avg_util=2.6116  infosets=(3526129, 4888499)
  [MCCFR-NL] iter 450000/10000000  avg_util=2.7901  infosets=(3564872, 4936554)
  [MCCFR-NL] iter 460000/10000000  avg_util=1.9887  infosets=(3603845, 4984506)
  [MCCFR-NL] iter 470000/10000000  avg_util=2.1594  infosets=(3641736, 5031486)
  [MCCFR-NL] iter 480000/10000000  avg_util=1.9541  infosets=(3680493, 5077657)
  [MCCFR-NL] iter 490000/10000000  avg_util=2.2502  infosets=(3718920, 5122617)
  [MCCFR-NL] iter 500000/10000000  avg_util=2.1418  infosets=(3753730, 5164716)
  [MCCFR-NL] iter 510000/10000000  avg_util=1.6440  infosets=(3790101, 5209736)
  [MCCFR-NL] iter 520000/10000000  avg_util=1.1844  infosets=(3825740, 5255839)
  [MCCFR-NL] iter 530000/10000000  avg_util=0.9917  infosets=(3861190, 5301392)
  [MCCFR-NL] iter 540000/10000000  avg_util=0.3349  infosets=(3895581, 5345922)
  [MCCFR-NL] iter 550000/10000000  avg_util=0.4042  infosets=(3928630, 5387339)
  [MCCFR-NL] iter 560000/10000000  avg_util=0.4484  infosets=(3962431, 5428686)
  [MCCFR-NL] iter 570000/10000000  avg_util=-0.1338  infosets=(3995412, 5471638)
  [MCCFR-NL] iter 580000/10000000  avg_util=-0.1965  infosets=(4029226, 5514010)
  [MCCFR-NL] iter 590000/10000000  avg_util=0.1083  infosets=(4063385, 5556424)
  [MCCFR-NL] iter 600000/10000000  avg_util=-0.2745  infosets=(4095109, 5598035)
  [MCCFR-NL] iter 610000/10000000  avg_util=0.3203  infosets=(4126012, 5635549)
  [MCCFR-NL] iter 620000/10000000  avg_util=0.2744  infosets=(4157511, 5673501)
  [MCCFR-NL] iter 630000/10000000  avg_util=1.2509  infosets=(4188730, 5712930)
  [MCCFR-NL] iter 640000/10000000  avg_util=1.3140  infosets=(4220384, 5752721)
  [MCCFR-NL] iter 650000/10000000  avg_util=1.6435  infosets=(4251289, 5790428)
  [MCCFR-NL] iter 660000/10000000  avg_util=1.9523  infosets=(4282701, 5827785)
  [MCCFR-NL] iter 670000/10000000  avg_util=2.4407  infosets=(4313119, 5865809)
  [MCCFR-NL] iter 680000/10000000  avg_util=2.1066  infosets=(4343878, 5904190)
  [MCCFR-NL] iter 690000/10000000  avg_util=1.3434  infosets=(4374291, 5942749)
  [MCCFR-NL] iter 700000/10000000  avg_util=1.6138  infosets=(4403956, 5980919)
  [MCCFR-NL] iter 710000/10000000  avg_util=1.6093  infosets=(4435660, 6020318)
  [MCCFR-NL] iter 720000/10000000  avg_util=1.2840  infosets=(4467592, 6059185)
  [MCCFR-NL] iter 730000/10000000  avg_util=0.9516  infosets=(4497830, 6094495)
  [MCCFR-NL] iter 740000/10000000  avg_util=0.8871  infosets=(4528744, 6130929)
  [MCCFR-NL] iter 750000/10000000  avg_util=0.7930  infosets=(4559480, 6168399)
  [MCCFR-NL] iter 760000/10000000  avg_util=0.3437  infosets=(4590194, 6207280)
  [MCCFR-NL] iter 770000/10000000  avg_util=0.6295  infosets=(4620730, 6242548)
  [MCCFR-NL] iter 780000/10000000  avg_util=0.5334  infosets=(4652408, 6281827)
  [MCCFR-NL] iter 790000/10000000  avg_util=0.4974  infosets=(4682135, 6317437)
  [MCCFR-NL] iter 800000/10000000  avg_util=0.6441  infosets=(4711750, 6352916)
  [MCCFR-NL] iter 810000/10000000  avg_util=0.8947  infosets=(4743717, 6392045)
  [MCCFR-NL] iter 820000/10000000  avg_util=1.0429  infosets=(4772221, 6426140)
  [MCCFR-NL] iter 830000/10000000  avg_util=0.9756  infosets=(4800999, 6459775)
  [MCCFR-NL] iter 840000/10000000  avg_util=1.1512  infosets=(4828956, 6493169)
  [MCCFR-NL] iter 850000/10000000  avg_util=1.3418  infosets=(4858109, 6528353)
  [MCCFR-NL] iter 860000/10000000  avg_util=1.1444  infosets=(4885921, 6564105)
  [MCCFR-NL] iter 870000/10000000  avg_util=1.0421  infosets=(4915798, 6599123)
  [MCCFR-NL] iter 880000/10000000  avg_util=0.9331  infosets=(4943269, 6630283)
  [MCCFR-NL] iter 890000/10000000  avg_util=1.2847  infosets=(4970923, 6662171)
  [MCCFR-NL] iter 900000/10000000  avg_util=1.0855  infosets=(4998367, 6696430)
  [MCCFR-NL] iter 910000/10000000  avg_util=0.9787  infosets=(5025904, 6728596)
  [MCCFR-NL] iter 920000/10000000  avg_util=0.8304  infosets=(5053833, 6760884)
  [MCCFR-NL] iter 930000/10000000  avg_util=0.8592  infosets=(5079767, 6792347)
  [MCCFR-NL] iter 940000/10000000  avg_util=0.7923  infosets=(5106451, 6826396)
  [MCCFR-NL] iter 950000/10000000  avg_util=0.3400  infosets=(5132670, 6857373)
  [MCCFR-NL] iter 960000/10000000  avg_util=0.5964  infosets=(5160362, 6889900)
  [MCCFR-NL] iter 970000/10000000  avg_util=0.6918  infosets=(5188410, 6922857)
  [MCCFR-NL] iter 980000/10000000  avg_util=0.1666  infosets=(5215658, 6957324)
  [MCCFR-NL] iter 990000/10000000  avg_util=0.1627  infosets=(5243634, 6991629)
  [MCCFR-NL] iter 1000000/10000000  avg_util=-0.1687  infosets=(5271256, 7025327)
  [MCCFR-NL] iter 1010000/10000000  avg_util=-0.2184  infosets=(5299105, 7059005)
  [MCCFR-NL] iter 1020000/10000000  avg_util=-0.0179  infosets=(5326197, 7091329)
  [MCCFR-NL] iter 1030000/10000000  avg_util=0.1065  infosets=(5354466, 7124347)
  [MCCFR-NL] iter 1040000/10000000  avg_util=-0.0763  infosets=(5381716, 7158299)
  [MCCFR-NL] iter 1050000/10000000  avg_util=-0.5364  infosets=(5408415, 7189973)
  [MCCFR-NL] iter 1060000/10000000  avg_util=-0.8702  infosets=(5435906, 7221877)
  [MCCFR-NL] iter 1070000/10000000  avg_util=-0.9084  infosets=(5461803, 7250457)
  [MCCFR-NL] iter 1080000/10000000  avg_util=-0.9599  infosets=(5487453, 7279603)
  [MCCFR-NL] iter 1090000/10000000  avg_util=-0.9560  infosets=(5512374, 7310762)
  [MCCFR-NL] iter 1100000/10000000  avg_util=-0.5737  infosets=(5538060, 7340841)
  [MCCFR-NL] iter 1110000/10000000  avg_util=-0.6828  infosets=(5565286, 7373899)
  [MCCFR-NL] iter 1120000/10000000  avg_util=-0.4181  infosets=(5592353, 7404311)
  [MCCFR-NL] iter 1130000/10000000  avg_util=-0.4876  infosets=(5619005, 7435269)
  [MCCFR-NL] iter 1140000/10000000  avg_util=-0.4249  infosets=(5644636, 7466157)
  [MCCFR-NL] iter 1150000/10000000  avg_util=-0.4105  infosets=(5670797, 7497860)
  [MCCFR-NL] iter 1160000/10000000  avg_util=-0.4371  infosets=(5696484, 7529436)
  [MCCFR-NL] iter 1170000/10000000  avg_util=-0.1787  infosets=(5721640, 7559448)
  [MCCFR-NL] iter 1180000/10000000  avg_util=-0.0330  infosets=(5745958, 7587293)
  [MCCFR-NL] iter 1190000/10000000  avg_util=0.1303  infosets=(5770941, 7616072)
  [MCCFR-NL] iter 1200000/10000000  avg_util=-0.3529  infosets=(5794472, 7645475)
  [MCCFR-NL] iter 1210000/10000000  avg_util=-0.3375  infosets=(5818862, 7676223)
  [MCCFR-NL] iter 1220000/10000000  avg_util=-0.2542  infosets=(5843836, 7705044)
  [MCCFR-NL] iter 1230000/10000000  avg_util=-0.5359  infosets=(5866764, 7732764)
  [MCCFR-NL] iter 1240000/10000000  avg_util=-0.4780  infosets=(5889778, 7759493)
  [MCCFR-NL] iter 1250000/10000000  avg_util=-0.5058  infosets=(5914844, 7789573)
  [MCCFR-NL] iter 1260000/10000000  avg_util=-0.7969  infosets=(5937225, 7819520)
  [MCCFR-NL] iter 1270000/10000000  avg_util=-0.7834  infosets=(5959285, 7848634)
  [MCCFR-NL] iter 1280000/10000000  avg_util=-0.7413  infosets=(5982432, 7878049)
  [MCCFR-NL] iter 1290000/10000000  avg_util=-0.9125  infosets=(6004191, 7904951)
  [MCCFR-NL] iter 1300000/10000000  avg_util=-0.9658  infosets=(6026768, 7932205)
  [MCCFR-NL] iter 1310000/10000000  avg_util=-0.7852  infosets=(6048948, 7959909)
  [MCCFR-NL] iter 1320000/10000000  avg_util=-0.7964  infosets=(6072277, 7988859)
  [MCCFR-NL] iter 1330000/10000000  avg_util=-0.7991  infosets=(6096674, 8015774)
  [MCCFR-NL] iter 1340000/10000000  avg_util=-0.8790  infosets=(6119167, 8044775)
  [MCCFR-NL] iter 1350000/10000000  avg_util=-0.8761  infosets=(6143289, 8069788)
  [MCCFR-NL] iter 1360000/10000000  avg_util=-0.7199  infosets=(6165564, 8097762)
  [MCCFR-NL] iter 1370000/10000000  avg_util=-0.8121  infosets=(6187562, 8125820)
  [MCCFR-NL] iter 1380000/10000000  avg_util=-0.9086  infosets=(6210234, 8154751)
  [MCCFR-NL] iter 1390000/10000000  avg_util=-0.9782  infosets=(6231956, 8183128)
  [MCCFR-NL] iter 1400000/10000000  avg_util=-0.9623  infosets=(6255404, 8210840)
  [MCCFR-NL] iter 1410000/10000000  avg_util=-0.9491  infosets=(6278748, 8238543)
  [MCCFR-NL] iter 1420000/10000000  avg_util=-0.8262  infosets=(6301161, 8266815)
  [MCCFR-NL] iter 1430000/10000000  avg_util=-0.6885  infosets=(6321497, 8293043)
  [MCCFR-NL] iter 1440000/10000000  avg_util=-0.7442  infosets=(6344396, 8322743)
  [MCCFR-NL] iter 1450000/10000000  avg_util=-0.8316  infosets=(6368376, 8351041)
  [MCCFR-NL] iter 1460000/10000000  avg_util=-0.8459  infosets=(6391939, 8379391)
  [MCCFR-NL] iter 1470000/10000000  avg_util=-0.6818  infosets=(6415893, 8407365)
  [MCCFR-NL] iter 1480000/10000000  avg_util=-0.5302  infosets=(6438841, 8435798)
  [MCCFR-NL] iter 1490000/10000000  avg_util=-0.3318  infosets=(6463498, 8464618)
  [MCCFR-NL] iter 1500000/10000000  avg_util=-0.3828  infosets=(6488491, 8494054)
  [MCCFR-NL] iter 1510000/10000000  avg_util=-0.3740  infosets=(6512572, 8522128)
  [MCCFR-NL] iter 1520000/10000000  avg_util=-0.1521  infosets=(6538309, 8550817)
  [MCCFR-NL] iter 1530000/10000000  avg_util=-0.0123  infosets=(6561989, 8581829)
  [MCCFR-NL] iter 1540000/10000000  avg_util=0.0582  infosets=(6584766, 8610951)
  [MCCFR-NL] iter 1550000/10000000  avg_util=0.1761  infosets=(6608191, 8638922)
  [MCCFR-NL] iter 1560000/10000000  avg_util=0.2308  infosets=(6631207, 8667073)
  [MCCFR-NL] iter 1570000/10000000  avg_util=0.3157  infosets=(6653905, 8693678)
  [MCCFR-NL] iter 1580000/10000000  avg_util=0.2645  infosets=(6678441, 8722340)
  [MCCFR-NL] iter 1590000/10000000  avg_util=0.1823  infosets=(6702014, 8749076)
  [MCCFR-NL] iter 1600000/10000000  avg_util=0.0978  infosets=(6723585, 8775075)
  [MCCFR-NL] iter 1610000/10000000  avg_util=-0.0544  infosets=(6744500, 8799696)
  [MCCFR-NL] iter 1620000/10000000  avg_util=0.0471  infosets=(6765334, 8824087)
  [MCCFR-NL] iter 1630000/10000000  avg_util=0.1441  infosets=(6787955, 8849903)
  [MCCFR-NL] iter 1640000/10000000  avg_util=0.3405  infosets=(6810405, 8876409)
  [MCCFR-NL] iter 1650000/10000000  avg_util=0.2805  infosets=(6831811, 8902212)
  [MCCFR-NL] iter 1660000/10000000  avg_util=0.1964  infosets=(6855525, 8929135)
  [MCCFR-NL] iter 1670000/10000000  avg_util=0.1572  infosets=(6876809, 8955598)
  [MCCFR-NL] iter 1680000/10000000  avg_util=0.3195  infosets=(6899675, 8981962)
  [MCCFR-NL] iter 1690000/10000000  avg_util=0.4237  infosets=(6920105, 9007934)
  [MCCFR-NL] iter 1700000/10000000  avg_util=0.3225  infosets=(6943263, 9032320)
  [MCCFR-NL] iter 1710000/10000000  avg_util=0.4887  infosets=(6966345, 9057521)
  [MCCFR-NL] iter 1720000/10000000  avg_util=0.5994  infosets=(6988188, 9083498)
  [MCCFR-NL] iter 1730000/10000000  avg_util=0.7688  infosets=(7010060, 9108112)
  [MCCFR-NL] iter 1740000/10000000  avg_util=0.7992  infosets=(7031955, 9133692)
  [MCCFR-NL] iter 1750000/10000000  avg_util=0.8215  infosets=(7054501, 9159180)
  [MCCFR-NL] iter 1760000/10000000  avg_util=0.8340  infosets=(7074330, 9183348)
  [MCCFR-NL] iter 1770000/10000000  avg_util=0.7309  infosets=(7095380, 9206821)
  [MCCFR-NL] iter 1780000/10000000  avg_util=0.6591  infosets=(7116665, 9232005)
  [MCCFR-NL] iter 1790000/10000000  avg_util=0.6641  infosets=(7137534, 9257528)
  [MCCFR-NL] iter 1800000/10000000  avg_util=0.7730  infosets=(7159377, 9285221)
  [MCCFR-NL] iter 1810000/10000000  avg_util=0.7778  infosets=(7181432, 9311979)
  [MCCFR-NL] iter 1820000/10000000  avg_util=0.7449  infosets=(7202676, 9337135)
  [MCCFR-NL] iter 1830000/10000000  avg_util=0.8661  infosets=(7223918, 9360705)
  [MCCFR-NL] iter 1840000/10000000  avg_util=0.9279  infosets=(7244135, 9384362)
  [MCCFR-NL] iter 1850000/10000000  avg_util=0.9542  infosets=(7265777, 9408724)
  [MCCFR-NL] iter 1860000/10000000  avg_util=0.7573  infosets=(7286430, 9433147)
  [MCCFR-NL] iter 1870000/10000000  avg_util=0.8593  infosets=(7308466, 9458116)
  [MCCFR-NL] iter 1880000/10000000  avg_util=0.9602  infosets=(7329021, 9482380)
  [MCCFR-NL] iter 1890000/10000000  avg_util=0.9947  infosets=(7348705, 9507512)
  [MCCFR-NL] iter 1900000/10000000  avg_util=1.0168  infosets=(7369600, 9531565)
  [MCCFR-NL] iter 1910000/10000000  avg_util=0.9251  infosets=(7390474, 9558070)
  [MCCFR-NL] iter 1920000/10000000  avg_util=1.0350  infosets=(7411567, 9584996)
  [MCCFR-NL] iter 1930000/10000000  avg_util=0.9390  infosets=(7432304, 9610071)
  [MCCFR-NL] iter 1940000/10000000  avg_util=0.7716  infosets=(7453440, 9636404)
  [MCCFR-NL] iter 1950000/10000000  avg_util=0.6972  infosets=(7475759, 9663016)
  [MCCFR-NL] iter 1960000/10000000  avg_util=0.8191  infosets=(7496213, 9686857)
  [MCCFR-NL] iter 1970000/10000000  avg_util=0.8566  infosets=(7517417, 9710344)
  [MCCFR-NL] iter 1980000/10000000  avg_util=0.8708  infosets=(7537373, 9733424)
  [MCCFR-NL] iter 1990000/10000000  avg_util=1.0432  infosets=(7558085, 9757394)
  [MCCFR-NL] iter 2000000/10000000  avg_util=1.0592  infosets=(7577294, 9780718)
  [MCCFR-NL] iter 2010000/10000000  avg_util=1.0555  infosets=(7597575, 9805273)
  [MCCFR-NL] iter 2020000/10000000  avg_util=1.0636  infosets=(7619302, 9830667)
  [MCCFR-NL] iter 2030000/10000000  avg_util=1.1438  infosets=(7639915, 9853882)
  [MCCFR-NL] iter 2040000/10000000  avg_util=1.3073  infosets=(7662045, 9878633)
  [MCCFR-NL] iter 2050000/10000000  avg_util=1.2727  infosets=(7684100, 9902939)
  [MCCFR-NL] iter 2060000/10000000  avg_util=1.3580  infosets=(7706167, 9928455)
  [MCCFR-NL] iter 2070000/10000000  avg_util=1.2296  infosets=(7726427, 9954085)
  [MCCFR-NL] iter 2080000/10000000  avg_util=1.1054  infosets=(7748302, 9979852)
  [MCCFR-NL] iter 2090000/10000000  avg_util=0.9913  infosets=(7770519, 10004490)
  [MCCFR-NL] iter 2100000/10000000  avg_util=0.9443  infosets=(7791921, 10031015)
  [MCCFR-NL] iter 2110000/10000000  avg_util=0.8590  infosets=(7812109, 10056054)
  [MCCFR-NL] iter 2120000/10000000  avg_util=0.9163  infosets=(7831749, 10078324)
  [MCCFR-NL] iter 2130000/10000000  avg_util=0.7527  infosets=(7851967, 10102335)
  [MCCFR-NL] iter 2140000/10000000  avg_util=0.7152  infosets=(7871616, 10127802)
  [MCCFR-NL] iter 2150000/10000000  avg_util=0.6262  infosets=(7891408, 10151561)
  [MCCFR-NL] iter 2160000/10000000  avg_util=0.5640  infosets=(7910403, 10174048)
  [MCCFR-NL] iter 2170000/10000000  avg_util=0.5732  infosets=(7930078, 10197599)
  [MCCFR-NL] iter 2180000/10000000  avg_util=0.4139  infosets=(7950392, 10223382)
  [MCCFR-NL] iter 2190000/10000000  avg_util=0.4071  infosets=(7970285, 10246187)
  [MCCFR-NL] iter 2200000/10000000  avg_util=0.4873  infosets=(7991075, 10269698)
  [MCCFR-NL] iter 2210000/10000000  avg_util=0.6313  infosets=(8010523, 10293019)
  [MCCFR-NL] iter 2220000/10000000  avg_util=0.6838  infosets=(8030266, 10316539)
  [MCCFR-NL] iter 2230000/10000000  avg_util=0.6160  infosets=(8050305, 10341230)
  [MCCFR-NL] iter 2240000/10000000  avg_util=0.5485  infosets=(8070664, 10364876)
  [MCCFR-NL] iter 2250000/10000000  avg_util=0.6007  infosets=(8090678, 10388851)
  [MCCFR-NL] iter 2260000/10000000  avg_util=0.4945  infosets=(8110428, 10412984)
  [MCCFR-NL] iter 2270000/10000000  avg_util=0.6127  infosets=(8128983, 10436755)
  [MCCFR-NL] iter 2280000/10000000  avg_util=0.6911  infosets=(8148163, 10460844)
  [MCCFR-NL] iter 2290000/10000000  avg_util=0.8148  infosets=(8167255, 10484441)
  [MCCFR-NL] iter 2300000/10000000  avg_util=0.9060  infosets=(8187292, 10507792)
  [MCCFR-NL] iter 2310000/10000000  avg_util=1.0885  infosets=(8206419, 10532100)
  [MCCFR-NL] iter 2320000/10000000  avg_util=1.0581  infosets=(8225842, 10556550)
  [MCCFR-NL] iter 2330000/10000000  avg_util=1.0185  infosets=(8244914, 10580714)
  [MCCFR-NL] iter 2340000/10000000  avg_util=1.0000  infosets=(8264630, 10605845)
  [MCCFR-NL] iter 2350000/10000000  avg_util=1.1277  infosets=(8285450, 10630805)
  [MCCFR-NL] iter 2360000/10000000  avg_util=0.9482  infosets=(8303021, 10653978)
  [MCCFR-NL] iter 2370000/10000000  avg_util=0.9370  infosets=(8321495, 10676150)
  [MCCFR-NL] iter 2380000/10000000  avg_util=0.9510  infosets=(8339421, 10698628)
  [MCCFR-NL] iter 2390000/10000000  avg_util=0.9771  infosets=(8358422, 10720196)
  [MCCFR-NL] iter 2400000/10000000  avg_util=0.9662  infosets=(8376827, 10743240)
  [MCCFR-NL] iter 2410000/10000000  avg_util=0.8539  infosets=(8395658, 10766037)
  [MCCFR-NL] iter 2420000/10000000  avg_util=0.8697  infosets=(8414174, 10788917)
  [MCCFR-NL] iter 2430000/10000000  avg_util=0.9046  infosets=(8433025, 10811464)
  [MCCFR-NL] iter 2440000/10000000  avg_util=0.9666  infosets=(8450956, 10832709)
  [MCCFR-NL] iter 2450000/10000000  avg_util=0.9950  infosets=(8467976, 10854413)
  [MCCFR-NL] iter 2460000/10000000  avg_util=0.8540  infosets=(8485964, 10877704)
  [MCCFR-NL] iter 2470000/10000000  avg_util=0.8507  infosets=(8504814, 10900556)
  [MCCFR-NL] iter 2480000/10000000  avg_util=0.8169  infosets=(8523614, 10922733)
  [MCCFR-NL] iter 2490000/10000000  avg_util=0.8366  infosets=(8542594, 10945793)
  [MCCFR-NL] iter 2500000/10000000  avg_util=0.8490  infosets=(8562961, 10968194)
  [MCCFR-NL] iter 2510000/10000000  avg_util=0.7782  infosets=(8582103, 10990975)
  [MCCFR-NL] iter 2520000/10000000  avg_util=0.7658  infosets=(8600568, 11013986)
  [MCCFR-NL] iter 2530000/10000000  avg_util=0.7805  infosets=(8618975, 11037490)
  [MCCFR-NL] iter 2540000/10000000  avg_util=0.8512  infosets=(8638244, 11059266)
  [MCCFR-NL] iter 2550000/10000000  avg_util=0.9015  infosets=(8657347, 11083089)
  [MCCFR-NL] iter 2560000/10000000  avg_util=0.8351  infosets=(8674766, 11106643)
  [MCCFR-NL] iter 2570000/10000000  avg_util=0.7805  infosets=(8693390, 11130380)
  [MCCFR-NL] iter 2580000/10000000  avg_util=0.7774  infosets=(8712374, 11155011)
  [MCCFR-NL] iter 2590000/10000000  avg_util=0.7000  infosets=(8730179, 11178877)
  [MCCFR-NL] iter 2600000/10000000  avg_util=0.6359  infosets=(8747557, 11202860)
  [MCCFR-NL] iter 2610000/10000000  avg_util=0.6903  infosets=(8766557, 11224897)
  [MCCFR-NL] iter 2620000/10000000  avg_util=0.6613  infosets=(8783827, 11246871)
  [MCCFR-NL] iter 2630000/10000000  avg_util=0.7774  infosets=(8801597, 11269893)
  [MCCFR-NL] iter 2640000/10000000  avg_util=0.8836  infosets=(8820409, 11293574)
  [MCCFR-NL] iter 2650000/10000000  avg_util=0.9975  infosets=(8838116, 11317309)
  [MCCFR-NL] iter 2660000/10000000  avg_util=1.0560  infosets=(8856092, 11342043)
  [MCCFR-NL] iter 2670000/10000000  avg_util=1.0326  infosets=(8874289, 11366623)
  [MCCFR-NL] iter 2680000/10000000  avg_util=0.9983  infosets=(8892700, 11390691)
  [MCCFR-NL] iter 2690000/10000000  avg_util=1.0849  infosets=(8910520, 11412791)
  [MCCFR-NL] iter 2700000/10000000  avg_util=1.1656  infosets=(8928460, 11435302)
  [MCCFR-NL] iter 2710000/10000000  avg_util=1.0942  infosets=(8946700, 11458217)
  [MCCFR-NL] iter 2720000/10000000  avg_util=1.1244  infosets=(8965722, 11480445)
  [MCCFR-NL] iter 2730000/10000000  avg_util=1.1307  infosets=(8985452, 11503642)
  [MCCFR-NL] iter 2740000/10000000  avg_util=1.1626  infosets=(9004268, 11527835)
  [MCCFR-NL] iter 2750000/10000000  avg_util=1.0475  infosets=(9021896, 11550102)
  [MCCFR-NL] iter 2760000/10000000  avg_util=1.0047  infosets=(9038539, 11572558)
  [MCCFR-NL] iter 2770000/10000000  avg_util=1.0443  infosets=(9056406, 11594697)
  [MCCFR-NL] iter 2780000/10000000  avg_util=1.0942  infosets=(9075067, 11616370)
  [MCCFR-NL] iter 2790000/10000000  avg_util=1.0766  infosets=(9093072, 11639474)
  [MCCFR-NL] iter 2800000/10000000  avg_util=1.0666  infosets=(9111355, 11662085)
  [MCCFR-NL] iter 2810000/10000000  avg_util=1.0002  infosets=(9129079, 11685086)
  [MCCFR-NL] iter 2820000/10000000  avg_util=1.1650  infosets=(9147367, 11708139)
  [MCCFR-NL] iter 2830000/10000000  avg_util=1.1940  infosets=(9165201, 11731336)
  [MCCFR-NL] iter 2840000/10000000  avg_util=1.3412  infosets=(9183958, 11753886)
  [MCCFR-NL] iter 2850000/10000000  avg_util=1.2345  infosets=(9202866, 11777123)
  [MCCFR-NL] iter 2860000/10000000  avg_util=1.3049  infosets=(9220604, 11799701)
  [MCCFR-NL] iter 2870000/10000000  avg_util=1.4448  infosets=(9238865, 11823118)
  [MCCFR-NL] iter 2880000/10000000  avg_util=1.5049  infosets=(9257056, 11846858)
  [MCCFR-NL] iter 2890000/10000000  avg_util=1.5199  infosets=(9275689, 11868462)
  [MCCFR-NL] iter 2900000/10000000  avg_util=1.5878  infosets=(9294184, 11889404)
  [MCCFR-NL] iter 2910000/10000000  avg_util=1.6741  infosets=(9311351, 11911202)
  [MCCFR-NL] iter 2920000/10000000  avg_util=1.6801  infosets=(9329881, 11933754)
  [MCCFR-NL] iter 2930000/10000000  avg_util=1.7100  infosets=(9347963, 11955559)
  [MCCFR-NL] iter 2940000/10000000  avg_util=1.7649  infosets=(9365249, 11977629)
  [MCCFR-NL] iter 2950000/10000000  avg_util=1.7659  infosets=(9382264, 11999035)
  [MCCFR-NL] iter 2960000/10000000  avg_util=1.7634  infosets=(9400222, 12020939)
  [MCCFR-NL] iter 2970000/10000000  avg_util=1.6722  infosets=(9417993, 12042809)
  [MCCFR-NL] iter 2980000/10000000  avg_util=1.6116  infosets=(9435265, 12064219)
  [MCCFR-NL] iter 2990000/10000000  avg_util=1.6952  infosets=(9453556, 12084888)
  [MCCFR-NL] iter 3000000/10000000  avg_util=1.5429  infosets=(9471454, 12106446)
  [MCCFR-NL] iter 3010000/10000000  avg_util=1.4857  infosets=(9489173, 12127227)
  [MCCFR-NL] iter 3020000/10000000  avg_util=1.4472  infosets=(9506941, 12147377)
  [MCCFR-NL] iter 3030000/10000000  avg_util=1.4629  infosets=(9525343, 12168034)
  [MCCFR-NL] iter 3040000/10000000  avg_util=1.4888  infosets=(9542866, 12187851)
  [MCCFR-NL] iter 3050000/10000000  avg_util=1.4702  infosets=(9560815, 12210220)
  [MCCFR-NL] iter 3060000/10000000  avg_util=1.4549  infosets=(9577983, 12231088)
  [MCCFR-NL] iter 3070000/10000000  avg_util=1.4714  infosets=(9594947, 12252172)
  [MCCFR-NL] iter 3080000/10000000  avg_util=1.4539  infosets=(9612849, 12272976)
  [MCCFR-NL] iter 3090000/10000000  avg_util=1.4767  infosets=(9632216, 12294192)
  [MCCFR-NL] iter 3100000/10000000  avg_util=1.5006  infosets=(9651206, 12315543)
  [MCCFR-NL] iter 3110000/10000000  avg_util=1.6524  infosets=(9669038, 12337133)
  [MCCFR-NL] iter 3120000/10000000  avg_util=1.7102  infosets=(9687023, 12359726)
  [MCCFR-NL] iter 3130000/10000000  avg_util=1.7516  infosets=(9704106, 12381974)
  [MCCFR-NL] iter 3140000/10000000  avg_util=1.7618  infosets=(9720989, 12402324)
  [MCCFR-NL] iter 3150000/10000000  avg_util=1.7622  infosets=(9739214, 12424576)
  [MCCFR-NL] iter 3160000/10000000  avg_util=1.7897  infosets=(9755492, 12444638)
  [MCCFR-NL] iter 3170000/10000000  avg_util=1.8022  infosets=(9773069, 12465297)
  [MCCFR-NL] iter 3180000/10000000  avg_util=1.8482  infosets=(9790769, 12485525)
  [MCCFR-NL] iter 3190000/10000000  avg_util=1.8901  infosets=(9807902, 12505413)
  [MCCFR-NL] iter 3200000/10000000  avg_util=1.9177  infosets=(9824289, 12524915)
  [MCCFR-NL] iter 3210000/10000000  avg_util=1.7877  infosets=(9841240, 12544737)
  [MCCFR-NL] iter 3220000/10000000  avg_util=1.8142  infosets=(9857799, 12564221)
  [MCCFR-NL] iter 3230000/10000000  avg_util=1.8338  infosets=(9874483, 12583492)
  [MCCFR-NL] iter 3240000/10000000  avg_util=1.7531  infosets=(9891473, 12604854)
  [MCCFR-NL] iter 3250000/10000000  avg_util=1.7105  infosets=(9907837, 12625913)
  [MCCFR-NL] iter 3260000/10000000  avg_util=1.6003  infosets=(9924079, 12645583)
  [MCCFR-NL] iter 3270000/10000000  avg_util=1.5273  infosets=(9939642, 12666009)
  [MCCFR-NL] iter 3280000/10000000  avg_util=1.6484  infosets=(9956531, 12685789)
  [MCCFR-NL] iter 3290000/10000000  avg_util=1.6001  infosets=(9973597, 12706970)
  [MCCFR-NL] iter 3300000/10000000  avg_util=1.5314  infosets=(9990193, 12727685)
  [MCCFR-NL] iter 3310000/10000000  avg_util=1.5313  infosets=(10005970, 12748054)
  [MCCFR-NL] iter 3320000/10000000  avg_util=1.5955  infosets=(10021767, 12768805)
  [MCCFR-NL] iter 3330000/10000000  avg_util=1.5572  infosets=(10037860, 12788179)
  [MCCFR-NL] iter 3340000/10000000  avg_util=1.4697  infosets=(10054197, 12810085)
  [MCCFR-NL] iter 3350000/10000000  avg_util=1.4418  infosets=(10071166, 12830547)
  [MCCFR-NL] iter 3360000/10000000  avg_util=1.5053  infosets=(10087556, 12851026)
  [MCCFR-NL] iter 3370000/10000000  avg_util=1.4952  infosets=(10104041, 12870762)
  [MCCFR-NL] iter 3380000/10000000  avg_util=1.4750  infosets=(10120261, 12891298)
  [MCCFR-NL] iter 3390000/10000000  avg_util=1.5480  infosets=(10137231, 12911841)
  [MCCFR-NL] iter 3400000/10000000  avg_util=1.5555  infosets=(10152010, 12930565)
  [MCCFR-NL] iter 3410000/10000000  avg_util=1.6211  infosets=(10168624, 12950418)
  [MCCFR-NL] iter 3420000/10000000  avg_util=1.5861  infosets=(10184616, 12969547)
  [MCCFR-NL] iter 3430000/10000000  avg_util=1.4846  infosets=(10201810, 12989237)
  [MCCFR-NL] iter 3440000/10000000  avg_util=1.5070  infosets=(10217961, 13010677)
  [MCCFR-NL] iter 3450000/10000000  avg_util=1.4584  infosets=(10235318, 13031651)
  [MCCFR-NL] iter 3460000/10000000  avg_util=1.4520  infosets=(10253732, 13052478)
  [MCCFR-NL] iter 3470000/10000000  avg_util=1.3755  infosets=(10271202, 13072261)
  [MCCFR-NL] iter 3480000/10000000  avg_util=1.4487  infosets=(10288058, 13092433)
  [MCCFR-NL] iter 3490000/10000000  avg_util=1.4297  infosets=(10304753, 13111971)
  [MCCFR-NL] iter 3500000/10000000  avg_util=1.4189  infosets=(10321497, 13132080)
  [MCCFR-NL] iter 3510000/10000000  avg_util=1.4018  infosets=(10337695, 13152924)
  [MCCFR-NL] iter 3520000/10000000  avg_util=1.4171  infosets=(10355206, 13174206)
  [MCCFR-NL] iter 3530000/10000000  avg_util=1.3866  infosets=(10372559, 13194659)
  [MCCFR-NL] iter 3540000/10000000  avg_util=1.3193  infosets=(10388557, 13214341)
  [MCCFR-NL] iter 3550000/10000000  avg_util=1.4380  infosets=(10404815, 13234747)
  [MCCFR-NL] iter 3560000/10000000  avg_util=1.4882  infosets=(10421542, 13255038)
  [MCCFR-NL] iter 3570000/10000000  avg_util=1.4788  infosets=(10438274, 13275445)
  [MCCFR-NL] iter 3580000/10000000  avg_util=1.4736  infosets=(10455029, 13295852)
  [MCCFR-NL] iter 3590000/10000000  avg_util=1.4658  infosets=(10471285, 13315001)
  [MCCFR-NL] iter 3600000/10000000  avg_util=1.4004  infosets=(10487271, 13334718)
  [MCCFR-NL] iter 3610000/10000000  avg_util=1.4197  infosets=(10503647, 13355447)
  [MCCFR-NL] iter 3620000/10000000  avg_util=1.3923  infosets=(10520209, 13374551)
  [MCCFR-NL] iter 3630000/10000000  avg_util=1.4787  infosets=(10535718, 13394185)
  [MCCFR-NL] iter 3640000/10000000  avg_util=1.5305  infosets=(10551651, 13413705)
  [MCCFR-NL] iter 3650000/10000000  avg_util=1.4723  infosets=(10568511, 13433007)
  [MCCFR-NL] iter 3660000/10000000  avg_util=1.4989  infosets=(10583360, 13453929)
  [MCCFR-NL] iter 3670000/10000000  avg_util=1.4111  infosets=(10598816, 13472375)
  [MCCFR-NL] iter 3680000/10000000  avg_util=1.3977  infosets=(10615268, 13492613)
  [MCCFR-NL] iter 3690000/10000000  avg_util=1.3922  infosets=(10632330, 13512800)
  [MCCFR-NL] iter 3700000/10000000  avg_util=1.3931  infosets=(10650102, 13533707)
  [MCCFR-NL] iter 3710000/10000000  avg_util=1.3776  infosets=(10666473, 13552666)
  [MCCFR-NL] iter 3720000/10000000  avg_util=1.2834  infosets=(10682394, 13571754)
  [MCCFR-NL] iter 3730000/10000000  avg_util=1.3374  infosets=(10696740, 13591400)
  [MCCFR-NL] iter 3740000/10000000  avg_util=1.3689  infosets=(10712242, 13611335)
  [MCCFR-NL] iter 3750000/10000000  avg_util=1.3330  infosets=(10727473, 13631107)
  [MCCFR-NL] iter 3760000/10000000  avg_util=1.3368  infosets=(10743604, 13649319)
  [MCCFR-NL] iter 3770000/10000000  avg_util=1.2883  infosets=(10758983, 13668766)
  [MCCFR-NL] iter 3780000/10000000  avg_util=1.3756  infosets=(10774734, 13688704)
  [MCCFR-NL] iter 3790000/10000000  avg_util=1.2812  infosets=(10790853, 13707765)
  [MCCFR-NL] iter 3800000/10000000  avg_util=1.2057  infosets=(10806695, 13725631)
  [MCCFR-NL] iter 3810000/10000000  avg_util=1.2706  infosets=(10821465, 13743724)
  [MCCFR-NL] iter 3820000/10000000  avg_util=1.2394  infosets=(10837335, 13761968)
  [MCCFR-NL] iter 3830000/10000000  avg_util=1.2635  infosets=(10851694, 13780688)
  [MCCFR-NL] iter 3840000/10000000  avg_util=1.3003  infosets=(10866451, 13798550)
  [MCCFR-NL] iter 3850000/10000000  avg_util=1.2583  infosets=(10881740, 13819324)
  [MCCFR-NL] iter 3860000/10000000  avg_util=1.2298  infosets=(10896842, 13837131)
  [MCCFR-NL] iter 3870000/10000000  avg_util=1.3152  infosets=(10911634, 13854633)
  [MCCFR-NL] iter 3880000/10000000  avg_util=1.3245  infosets=(10926489, 13872665)
  [MCCFR-NL] iter 3890000/10000000  avg_util=1.3631  infosets=(10940386, 13888997)
  [MCCFR-NL] iter 3900000/10000000  avg_util=1.4182  infosets=(10954367, 13907263)
  [MCCFR-NL] iter 3910000/10000000  avg_util=1.4451  infosets=(10969174, 13925119)
  [MCCFR-NL] iter 3920000/10000000  avg_util=1.4200  infosets=(10984061, 13943012)
  [MCCFR-NL] iter 3930000/10000000  avg_util=1.4029  infosets=(10997260, 13959732)
  [MCCFR-NL] iter 3940000/10000000  avg_util=1.3162  infosets=(11010927, 13976897)
  [MCCFR-NL] iter 3950000/10000000  avg_util=1.3206  infosets=(11025781, 13995961)
  [MCCFR-NL] iter 3960000/10000000  avg_util=1.3107  infosets=(11040001, 14013757)
  [MCCFR-NL] iter 3970000/10000000  avg_util=1.3915  infosets=(11055199, 14031540)
  [MCCFR-NL] iter 3980000/10000000  avg_util=1.4551  infosets=(11070013, 14049481)
  [MCCFR-NL] iter 3990000/10000000  avg_util=1.5024  infosets=(11084059, 14067338)
  [MCCFR-NL] iter 4000000/10000000  avg_util=1.5017  infosets=(11098353, 14085320)
  [MCCFR-NL] iter 4010000/10000000  avg_util=1.5391  infosets=(11113271, 14103425)
  [MCCFR-NL] iter 4020000/10000000  avg_util=1.5403  infosets=(11127836, 14122548)
  [MCCFR-NL] iter 4030000/10000000  avg_util=1.4933  infosets=(11142382, 14141406)
  [MCCFR-NL] iter 4040000/10000000  avg_util=1.4868  infosets=(11156634, 14160349)
  [MCCFR-NL] iter 4050000/10000000  avg_util=1.4899  infosets=(11170674, 14178558)
  [MCCFR-NL] iter 4060000/10000000  avg_util=1.4333  infosets=(11185357, 14197312)
  [MCCFR-NL] iter 4070000/10000000  avg_util=1.3770  infosets=(11198922, 14214410)
  [MCCFR-NL] iter 4080000/10000000  avg_util=1.4227  infosets=(11213309, 14232086)
  [MCCFR-NL] iter 4090000/10000000  avg_util=1.3454  infosets=(11227434, 14250848)
  [MCCFR-NL] iter 4100000/10000000  avg_util=1.3666  infosets=(11242548, 14268504)
  [MCCFR-NL] iter 4110000/10000000  avg_util=1.3179  infosets=(11256354, 14286824)
  [MCCFR-NL] iter 4120000/10000000  avg_util=1.2822  infosets=(11271199, 14305503)
  [MCCFR-NL] iter 4130000/10000000  avg_util=1.3583  infosets=(11285905, 14322903)
  [MCCFR-NL] iter 4140000/10000000  avg_util=1.4302  infosets=(11299563, 14340502)
  [MCCFR-NL] iter 4150000/10000000  avg_util=1.4258  infosets=(11313053, 14357543)
  [MCCFR-NL] iter 4160000/10000000  avg_util=1.4475  infosets=(11327477, 14374026)
  [MCCFR-NL] iter 4170000/10000000  avg_util=1.4667  infosets=(11341344, 14392787)
  [MCCFR-NL] iter 4180000/10000000  avg_util=1.5285  infosets=(11354582, 14409742)
  [MCCFR-NL] iter 4190000/10000000  avg_util=1.4659  infosets=(11367765, 14426162)
  [MCCFR-NL] iter 4200000/10000000  avg_util=1.3945  infosets=(11381540, 14443823)
  [MCCFR-NL] iter 4210000/10000000  avg_util=1.3328  infosets=(11395942, 14461681)
  [MCCFR-NL] iter 4220000/10000000  avg_util=1.3525  infosets=(11411229, 14479055)
  [MCCFR-NL] iter 4230000/10000000  avg_util=1.3667  infosets=(11426571, 14497068)
  [MCCFR-NL] iter 4240000/10000000  avg_util=1.3305  infosets=(11440919, 14515144)
  [MCCFR-NL] iter 4250000/10000000  avg_util=1.3702  infosets=(11455089, 14533344)
  [MCCFR-NL] iter 4260000/10000000  avg_util=1.4194  infosets=(11467952, 14549244)
  [MCCFR-NL] iter 4270000/10000000  avg_util=1.3982  infosets=(11481246, 14565304)
  [MCCFR-NL] iter 4280000/10000000  avg_util=1.4230  infosets=(11496003, 14581320)
  [MCCFR-NL] iter 4290000/10000000  avg_util=1.4395  infosets=(11510325, 14599478)
  [MCCFR-NL] iter 4300000/10000000  avg_util=1.4301  infosets=(11522910, 14615237)
  [MCCFR-NL] iter 4310000/10000000  avg_util=1.4318  infosets=(11536322, 14633093)
  [MCCFR-NL] iter 4320000/10000000  avg_util=1.5508  infosets=(11549773, 14650195)
  [MCCFR-NL] iter 4330000/10000000  avg_util=1.5611  infosets=(11563482, 14667544)
  [MCCFR-NL] iter 4340000/10000000  avg_util=1.5755  infosets=(11576890, 14683648)
  [MCCFR-NL] iter 4350000/10000000  avg_util=1.6353  infosets=(11589680, 14699689)
  [MCCFR-NL] iter 4360000/10000000  avg_util=1.6292  infosets=(11601738, 14714797)
  [MCCFR-NL] iter 4370000/10000000  avg_util=1.6083  infosets=(11615321, 14733559)
  [MCCFR-NL] iter 4380000/10000000  avg_util=1.5925  infosets=(11628821, 14750257)
  [MCCFR-NL] iter 4390000/10000000  avg_util=1.5980  infosets=(11642123, 14768010)
  [MCCFR-NL] iter 4400000/10000000  avg_util=1.6581  infosets=(11655501, 14784847)
  [MCCFR-NL] iter 4410000/10000000  avg_util=1.6435  infosets=(11668772, 14802133)
  [MCCFR-NL] iter 4420000/10000000  avg_util=1.6044  infosets=(11682008, 14820502)
  [MCCFR-NL] iter 4430000/10000000  avg_util=1.6032  infosets=(11694825, 14837587)
  [MCCFR-NL] iter 4440000/10000000  avg_util=1.6023  infosets=(11707582, 14854351)
  [MCCFR-NL] iter 4450000/10000000  avg_util=1.6542  infosets=(11721397, 14872472)
  [MCCFR-NL] iter 4460000/10000000  avg_util=1.6178  infosets=(11734095, 14889156)
  [MCCFR-NL] iter 4470000/10000000  avg_util=1.5934  infosets=(11748312, 14908165)
  [MCCFR-NL] iter 4480000/10000000  avg_util=1.5957  infosets=(11762723, 14924648)
  [MCCFR-NL] iter 4490000/10000000  avg_util=1.6178  infosets=(11775735, 14942087)
  [MCCFR-NL] iter 4500000/10000000  avg_util=1.5767  infosets=(11789873, 14959982)
  [MCCFR-NL] iter 4510000/10000000  avg_util=1.5947  infosets=(11803437, 14977565)
  [MCCFR-NL] iter 4520000/10000000  avg_util=1.5421  infosets=(11818963, 14995397)
  [MCCFR-NL] iter 4530000/10000000  avg_util=1.6014  infosets=(11832057, 15013486)
  [MCCFR-NL] iter 4540000/10000000  avg_util=1.5335  infosets=(11845361, 15030704)
  [MCCFR-NL] iter 4550000/10000000  avg_util=1.5432  infosets=(11859566, 15049978)
  [MCCFR-NL] iter 4560000/10000000  avg_util=1.5748  infosets=(11873120, 15066999)
  [MCCFR-NL] iter 4570000/10000000  avg_util=1.5586  infosets=(11885978, 15083425)
  [MCCFR-NL] iter 4580000/10000000  avg_util=1.4851  infosets=(11899257, 15102443)
  [MCCFR-NL] iter 4590000/10000000  avg_util=1.4572  infosets=(11912448, 15120006)
  [MCCFR-NL] iter 4600000/10000000  avg_util=1.4882  infosets=(11927120, 15137351)
  [MCCFR-NL] iter 4610000/10000000  avg_util=1.4784  infosets=(11941124, 15155074)
  [MCCFR-NL] iter 4620000/10000000  avg_util=1.4606  infosets=(11955094, 15171161)
  [MCCFR-NL] iter 4630000/10000000  avg_util=1.4342  infosets=(11969642, 15188104)
  [MCCFR-NL] iter 4640000/10000000  avg_util=1.4257  infosets=(11982871, 15205632)
  [MCCFR-NL] iter 4650000/10000000  avg_util=1.4113  infosets=(11995831, 15223001)
  [MCCFR-NL] iter 4660000/10000000  avg_util=1.4165  infosets=(12008135, 15239387)
  [MCCFR-NL] iter 4670000/10000000  avg_util=1.4483  infosets=(12022323, 15257356)
  [MCCFR-NL] iter 4680000/10000000  avg_util=1.4148  infosets=(12036098, 15274856)
  [MCCFR-NL] iter 4690000/10000000  avg_util=1.3989  infosets=(12049204, 15293019)
  [MCCFR-NL] iter 4700000/10000000  avg_util=1.4391  infosets=(12063353, 15309518)
  [MCCFR-NL] iter 4710000/10000000  avg_util=1.4714  infosets=(12077056, 15327611)
  [MCCFR-NL] iter 4720000/10000000  avg_util=1.3961  infosets=(12090285, 15344970)
  [MCCFR-NL] iter 4730000/10000000  avg_util=1.4421  infosets=(12102516, 15361069)
  [MCCFR-NL] iter 4740000/10000000  avg_util=1.3899  infosets=(12116647, 15378595)
  [MCCFR-NL] iter 4750000/10000000  avg_util=1.4183  infosets=(12129373, 15395401)
  [MCCFR-NL] iter 4760000/10000000  avg_util=1.3978  infosets=(12142252, 15412523)
  [MCCFR-NL] iter 4770000/10000000  avg_util=1.3681  infosets=(12155315, 15429743)
  [MCCFR-NL] iter 4780000/10000000  avg_util=1.4637  infosets=(12168574, 15448022)
  [MCCFR-NL] iter 4790000/10000000  avg_util=1.4895  infosets=(12182574, 15466183)
  [MCCFR-NL] iter 4800000/10000000  avg_util=1.5023  infosets=(12195554, 15482319)
  [MCCFR-NL] iter 4810000/10000000  avg_util=1.5033  infosets=(12208807, 15499942)
  [MCCFR-NL] iter 4820000/10000000  avg_util=1.5374  infosets=(12220963, 15515128)
  [MCCFR-NL] iter 4830000/10000000  avg_util=1.5860  infosets=(12234737, 15531810)
  [MCCFR-NL] iter 4840000/10000000  avg_util=1.5580  infosets=(12247953, 15549180)
  [MCCFR-NL] iter 4850000/10000000  avg_util=1.5760  infosets=(12260842, 15566430)
  [MCCFR-NL] iter 4860000/10000000  avg_util=1.5801  infosets=(12274292, 15583953)
  [MCCFR-NL] iter 4870000/10000000  avg_util=1.5596  infosets=(12286053, 15601211)
  [MCCFR-NL] iter 4880000/10000000  avg_util=1.4936  infosets=(12299414, 15618154)
  [MCCFR-NL] iter 4890000/10000000  avg_util=1.4851  infosets=(12312923, 15634829)
  [MCCFR-NL] iter 4900000/10000000  avg_util=1.4715  infosets=(12326535, 15652221)
  [MCCFR-NL] iter 4910000/10000000  avg_util=1.4716  infosets=(12338987, 15668350)
  [MCCFR-NL] iter 4920000/10000000  avg_util=1.4915  infosets=(12351993, 15684975)
  [MCCFR-NL] iter 4930000/10000000  avg_util=1.5390  infosets=(12365088, 15702772)
  [MCCFR-NL] iter 4940000/10000000  avg_util=1.5803  infosets=(12378598, 15718839)
  [MCCFR-NL] iter 4950000/10000000  avg_util=1.5636  infosets=(12392357, 15736549)
  [MCCFR-NL] iter 4960000/10000000  avg_util=1.5473  infosets=(12404729, 15752269)
  [MCCFR-NL] iter 4970000/10000000  avg_util=1.5277  infosets=(12416734, 15767273)
  [MCCFR-NL] iter 4980000/10000000  avg_util=1.5532  infosets=(12430288, 15783879)
  [MCCFR-NL] iter 4990000/10000000  avg_util=1.5662  infosets=(12442247, 15799664)
  [MCCFR-NL] iter 5000000/10000000  avg_util=1.5515  infosets=(12455005, 15815861)
  [MCCFR-NL] iter 5010000/10000000  avg_util=1.5386  infosets=(12469391, 15832076)
  [MCCFR-NL] iter 5020000/10000000  avg_util=1.5326  infosets=(12481551, 15849490)
  [MCCFR-NL] iter 5030000/10000000  avg_util=1.5332  infosets=(12493763, 15865369)
  [MCCFR-NL] iter 5040000/10000000  avg_util=1.4617  infosets=(12506407, 15883060)
  [MCCFR-NL] iter 5050000/10000000  avg_util=1.4733  infosets=(12518110, 15899276)
  [MCCFR-NL] iter 5060000/10000000  avg_util=1.3918  infosets=(12531045, 15915215)
  [MCCFR-NL] iter 5070000/10000000  avg_util=1.4312  infosets=(12543321, 15931035)
  [MCCFR-NL] iter 5080000/10000000  avg_util=1.4713  infosets=(12556061, 15947202)
  [MCCFR-NL] iter 5090000/10000000  avg_util=1.4772  infosets=(12568750, 15964216)
  [MCCFR-NL] iter 5100000/10000000  avg_util=1.4253  infosets=(12581359, 15979312)
  [MCCFR-NL] iter 5110000/10000000  avg_util=1.4223  infosets=(12594547, 15993789)
  [MCCFR-NL] iter 5120000/10000000  avg_util=1.4437  infosets=(12607127, 16009293)
  [MCCFR-NL] iter 5130000/10000000  avg_util=1.4800  infosets=(12619823, 16024672)
  [MCCFR-NL] iter 5140000/10000000  avg_util=1.4025  infosets=(12632877, 16040726)
  [MCCFR-NL] iter 5150000/10000000  avg_util=1.4452  infosets=(12645877, 16056964)
  [MCCFR-NL] iter 5160000/10000000  avg_util=1.4590  infosets=(12658234, 16072269)
  [MCCFR-NL] iter 5170000/10000000  avg_util=1.4231  infosets=(12669919, 16088143)
  [MCCFR-NL] iter 5180000/10000000  avg_util=1.3967  infosets=(12683006, 16103724)
  [MCCFR-NL] iter 5190000/10000000  avg_util=1.3842  infosets=(12696340, 16119820)
  [MCCFR-NL] iter 5200000/10000000  avg_util=1.4165  infosets=(12709480, 16136687)
  [MCCFR-NL] iter 5210000/10000000  avg_util=1.4003  infosets=(12721128, 16152356)
  [MCCFR-NL] iter 5220000/10000000  avg_util=1.4203  infosets=(12733508, 16167196)
  [MCCFR-NL] iter 5230000/10000000  avg_util=1.3804  infosets=(12746379, 16183554)
  [MCCFR-NL] iter 5240000/10000000  avg_util=1.3469  infosets=(12759140, 16198363)
  [MCCFR-NL] iter 5250000/10000000  avg_util=1.3225  infosets=(12771633, 16214816)
  [MCCFR-NL] iter 5260000/10000000  avg_util=1.2733  infosets=(12784220, 16231012)
  [MCCFR-NL] iter 5270000/10000000  avg_util=1.2845  infosets=(12797189, 16247069)
  [MCCFR-NL] iter 5280000/10000000  avg_util=1.2164  infosets=(12809090, 16264632)
  [MCCFR-NL] iter 5290000/10000000  avg_util=1.2563  infosets=(12822163, 16279691)
  [MCCFR-NL] iter 5300000/10000000  avg_util=1.2839  infosets=(12834074, 16296144)
  [MCCFR-NL] iter 5310000/10000000  avg_util=1.2812  infosets=(12847968, 16312286)
  [MCCFR-NL] iter 5320000/10000000  avg_util=1.2858  infosets=(12860962, 16327665)
  [MCCFR-NL] iter 5330000/10000000  avg_util=1.2650  infosets=(12872264, 16342218)
  [MCCFR-NL] iter 5340000/10000000  avg_util=1.2966  infosets=(12883636, 16357062)
  [MCCFR-NL] iter 5350000/10000000  avg_util=1.3082  infosets=(12896870, 16372872)
  [MCCFR-NL] iter 5360000/10000000  avg_util=1.3402  infosets=(12910480, 16389732)
  [MCCFR-NL] iter 5370000/10000000  avg_util=1.3779  infosets=(12923683, 16405178)
  [MCCFR-NL] iter 5380000/10000000  avg_util=1.3268  infosets=(12936587, 16419695)
  [MCCFR-NL] iter 5390000/10000000  avg_util=1.3032  infosets=(12948844, 16435844)
  [MCCFR-NL] iter 5400000/10000000  avg_util=1.2675  infosets=(12961471, 16451659)
  [MCCFR-NL] iter 5410000/10000000  avg_util=1.2137  infosets=(12974242, 16468676)
  [MCCFR-NL] iter 5420000/10000000  avg_util=1.1984  infosets=(12986964, 16484486)
  [MCCFR-NL] iter 5430000/10000000  avg_util=1.1659  infosets=(12999643, 16498554)
  [MCCFR-NL] iter 5440000/10000000  avg_util=1.1223  infosets=(13013183, 16514313)
  [MCCFR-NL] iter 5450000/10000000  avg_util=1.1335  infosets=(13025836, 16530962)
  [MCCFR-NL] iter 5460000/10000000  avg_util=1.1495  infosets=(13038945, 16547052)
  [MCCFR-NL] iter 5470000/10000000  avg_util=1.1167  infosets=(13052607, 16563598)
  [MCCFR-NL] iter 5480000/10000000  avg_util=1.0575  infosets=(13065525, 16579396)
  [MCCFR-NL] iter 5490000/10000000  avg_util=1.1002  infosets=(13077814, 16596160)
  [MCCFR-NL] iter 5500000/10000000  avg_util=1.1518  infosets=(13091293, 16612132)
  [MCCFR-NL] iter 5510000/10000000  avg_util=1.1803  infosets=(13103863, 16627599)
  [MCCFR-NL] iter 5520000/10000000  avg_util=1.2072  infosets=(13116402, 16642300)
  [MCCFR-NL] iter 5530000/10000000  avg_util=1.1961  infosets=(13127419, 16657354)
  [MCCFR-NL] iter 5540000/10000000  avg_util=1.1429  infosets=(13139960, 16672016)
  [MCCFR-NL] iter 5550000/10000000  avg_util=1.2079  infosets=(13152430, 16687461)
  [MCCFR-NL] iter 5560000/10000000  avg_util=1.2604  infosets=(13165444, 16702629)
  [MCCFR-NL] iter 5570000/10000000  avg_util=1.2476  infosets=(13177722, 16718672)
  [MCCFR-NL] iter 5580000/10000000  avg_util=1.2713  infosets=(13190382, 16733617)
  [MCCFR-NL] iter 5590000/10000000  avg_util=1.2875  infosets=(13203029, 16748777)
  [MCCFR-NL] iter 5600000/10000000  avg_util=1.2964  infosets=(13215215, 16762938)
  [MCCFR-NL] iter 5610000/10000000  avg_util=1.3171  infosets=(13227479, 16778350)
  [MCCFR-NL] iter 5620000/10000000  avg_util=1.3509  infosets=(13238378, 16792562)
  [MCCFR-NL] iter 5630000/10000000  avg_util=1.3202  infosets=(13251186, 16807919)
  [MCCFR-NL] iter 5640000/10000000  avg_util=1.3113  infosets=(13264205, 16822486)
  [MCCFR-NL] iter 5650000/10000000  avg_util=1.2515  infosets=(13276814, 16837530)
  [MCCFR-NL] iter 5660000/10000000  avg_util=1.2237  infosets=(13288386, 16851959)
  [MCCFR-NL] iter 5670000/10000000  avg_util=1.2335  infosets=(13299703, 16867640)
  [MCCFR-NL] iter 5680000/10000000  avg_util=1.2288  infosets=(13311640, 16882822)
  [MCCFR-NL] iter 5690000/10000000  avg_util=1.2109  infosets=(13322800, 16896633)
  [MCCFR-NL] iter 5700000/10000000  avg_util=1.2149  infosets=(13334860, 16912004)
  [MCCFR-NL] iter 5710000/10000000  avg_util=1.1606  infosets=(13346250, 16926644)
  [MCCFR-NL] iter 5720000/10000000  avg_util=1.0915  infosets=(13358445, 16940588)
  [MCCFR-NL] iter 5730000/10000000  avg_util=1.0634  infosets=(13370443, 16954631)
  [MCCFR-NL] iter 5740000/10000000  avg_util=1.0329  infosets=(13382304, 16970198)
  [MCCFR-NL] iter 5750000/10000000  avg_util=1.0524  infosets=(13394490, 16985837)
  [MCCFR-NL] iter 5760000/10000000  avg_util=1.0506  infosets=(13406360, 17000360)
  [MCCFR-NL] iter 5770000/10000000  avg_util=1.0667  infosets=(13418520, 17015049)
  [MCCFR-NL] iter 5780000/10000000  avg_util=1.0487  infosets=(13430933, 17030508)
  [MCCFR-NL] iter 5790000/10000000  avg_util=1.0274  infosets=(13442810, 17045745)
  [MCCFR-NL] iter 5800000/10000000  avg_util=1.0039  infosets=(13454976, 17061856)
  [MCCFR-NL] iter 5810000/10000000  avg_util=0.9896  infosets=(13469144, 17076740)
  [MCCFR-NL] iter 5820000/10000000  avg_util=0.9705  infosets=(13481278, 17091250)
  [MCCFR-NL] iter 5830000/10000000  avg_util=0.9831  infosets=(13492459, 17104510)
  [MCCFR-NL] iter 5840000/10000000  avg_util=0.9778  infosets=(13505151, 17119438)
  [MCCFR-NL] iter 5850000/10000000  avg_util=0.9393  infosets=(13517783, 17133483)
  [MCCFR-NL] iter 5860000/10000000  avg_util=0.9087  infosets=(13530023, 17147815)
  [MCCFR-NL] iter 5870000/10000000  avg_util=0.8757  infosets=(13541412, 17163142)
  [MCCFR-NL] iter 5880000/10000000  avg_util=0.8659  infosets=(13553498, 17176938)
  [MCCFR-NL] iter 5890000/10000000  avg_util=0.9150  infosets=(13564495, 17191819)
  [MCCFR-NL] iter 5900000/10000000  avg_util=1.0072  infosets=(13576248, 17205707)
  [MCCFR-NL] iter 5910000/10000000  avg_util=0.9502  infosets=(13587577, 17220017)
  [MCCFR-NL] iter 5920000/10000000  avg_util=0.9808  infosets=(13600662, 17233914)
  [MCCFR-NL] iter 5930000/10000000  avg_util=1.0256  infosets=(13611297, 17249419)
  [MCCFR-NL] iter 5940000/10000000  avg_util=1.0151  infosets=(13622845, 17263684)
  [MCCFR-NL] iter 5950000/10000000  avg_util=1.0075  infosets=(13633321, 17276934)
  [MCCFR-NL] iter 5960000/10000000  avg_util=0.9155  infosets=(13646037, 17291878)
  [MCCFR-NL] iter 5970000/10000000  avg_util=0.9326  infosets=(13657644, 17305550)
