[slumbot] Building 10-bucket preflop abstraction...
[slumbot] Abstraction built in 163.77s
[slumbot] Training NL MCCFR for 1000000 iterations (10 buckets)...
  [MCCFR-NL] iter 10000/1000000  avg_util=-16.8008  infosets=(320559, 509702)
  [MCCFR-NL] iter 20000/1000000  avg_util=2.4329  infosets=(507118, 785535)
  [MCCFR-NL] iter 30000/1000000  avg_util=-17.1632  infosets=(653081, 995946)
  [MCCFR-NL] iter 40000/1000000  avg_util=-7.1421  infosets=(766098, 1151630)
  [MCCFR-NL] iter 50000/1000000  avg_util=-2.1141  infosets=(866591, 1282555)
  [MCCFR-NL] iter 60000/1000000  avg_util=-1.6595  infosets=(960119, 1406918)
  [MCCFR-NL] iter 70000/1000000  avg_util=-8.3037  infosets=(1046694, 1520597)
  [MCCFR-NL] iter 80000/1000000  avg_util=-8.5676  infosets=(1125219, 1626937)
  [MCCFR-NL] iter 90000/1000000  avg_util=-10.6624  infosets=(1202303, 1726955)
  [MCCFR-NL] iter 100000/1000000  avg_util=-6.7411  infosets=(1275142, 1820055)
  [MCCFR-NL] iter 110000/1000000  avg_util=-7.7524  infosets=(1333529, 1895264)
  [MCCFR-NL] iter 120000/1000000  avg_util=-7.1143  infosets=(1390396, 1966197)
  [MCCFR-NL] iter 130000/1000000  avg_util=-7.8684  infosets=(1438804, 2029136)
  [MCCFR-NL] iter 140000/1000000  avg_util=-5.9080  infosets=(1486680, 2093150)
  [MCCFR-NL] iter 150000/1000000  avg_util=-5.3803  infosets=(1534019, 2155221)
  [MCCFR-NL] iter 160000/1000000  avg_util=-5.4571  infosets=(1574278, 2206997)
  [MCCFR-NL] iter 170000/1000000  avg_util=-4.0516  infosets=(1617557, 2260020)
  [MCCFR-NL] iter 180000/1000000  avg_util=-3.7589  infosets=(1662141, 2316947)
  [MCCFR-NL] iter 190000/1000000  avg_util=-4.0946  infosets=(1706595, 2377909)
  [MCCFR-NL] iter 200000/1000000  avg_util=-4.8317  infosets=(1748247, 2430182)
  [MCCFR-NL] iter 210000/1000000  avg_util=-5.6839  infosets=(1791827, 2484472)
  [MCCFR-NL] iter 220000/1000000  avg_util=-5.4647  infosets=(1835744, 2539274)
  [MCCFR-NL] iter 230000/1000000  avg_util=-5.0251  infosets=(1878047, 2590576)
  [MCCFR-NL] iter 240000/1000000  avg_util=-4.0940  infosets=(1918483, 2645555)
  [MCCFR-NL] iter 250000/1000000  avg_util=-2.9979  infosets=(1960182, 2696391)
  [MCCFR-NL] iter 260000/1000000  avg_util=-2.9511  infosets=(2002232, 2750116)
  [MCCFR-NL] iter 270000/1000000  avg_util=-1.7230  infosets=(2038742, 2798156)
  [MCCFR-NL] iter 280000/1000000  avg_util=-1.9865  infosets=(2074812, 2841949)
  [MCCFR-NL] iter 290000/1000000  avg_util=-1.7257  infosets=(2109146, 2886480)
  [MCCFR-NL] iter 300000/1000000  avg_util=-0.9184  infosets=(2141645, 2927869)
  [MCCFR-NL] iter 310000/1000000  avg_util=-1.4025  infosets=(2174001, 2968231)
  [MCCFR-NL] iter 320000/1000000  avg_util=-1.5634  infosets=(2208736, 3012976)
  [MCCFR-NL] iter 330000/1000000  avg_util=-1.7003  infosets=(2241731, 3054163)
  [MCCFR-NL] iter 340000/1000000  avg_util=-2.1497  infosets=(2274530, 3096038)
  [MCCFR-NL] iter 350000/1000000  avg_util=-3.3179  infosets=(2308580, 3137584)
  [MCCFR-NL] iter 360000/1000000  avg_util=-3.6184  infosets=(2341635, 3179799)
  [MCCFR-NL] iter 370000/1000000  avg_util=-3.5430  infosets=(2372653, 3221014)
  [MCCFR-NL] iter 380000/1000000  avg_util=-3.3782  infosets=(2405881, 3263473)
  [MCCFR-NL] iter 390000/1000000  avg_util=-2.2402  infosets=(2438936, 3307783)
  [MCCFR-NL] iter 400000/1000000  avg_util=-1.6465  infosets=(2472863, 3350079)
  [MCCFR-NL] iter 410000/1000000  avg_util=-2.5187  infosets=(2504745, 3390179)
  [MCCFR-NL] iter 420000/1000000  avg_util=-2.4073  infosets=(2536466, 3431476)
  [MCCFR-NL] iter 430000/1000000  avg_util=-1.8958  infosets=(2568412, 3474974)
  [MCCFR-NL] iter 440000/1000000  avg_util=-1.1765  infosets=(2599767, 3515395)
  [MCCFR-NL] iter 450000/1000000  avg_util=-1.4267  infosets=(2629355, 3549963)
  [MCCFR-NL] iter 460000/1000000  avg_util=-1.5396  infosets=(2662185, 3590328)
  [MCCFR-NL] iter 470000/1000000  avg_util=-1.7187  infosets=(2692555, 3629034)
  [MCCFR-NL] iter 480000/1000000  avg_util=-1.2989  infosets=(2723294, 3665377)
  [MCCFR-NL] iter 490000/1000000  avg_util=-1.5081  infosets=(2753917, 3703081)
  [MCCFR-NL] iter 500000/1000000  avg_util=-1.4761  infosets=(2783497, 3738443)
  [MCCFR-NL] iter 510000/1000000  avg_util=-1.5788  infosets=(2810242, 3771787)
  [MCCFR-NL] iter 520000/1000000  avg_util=-1.3182  infosets=(2836053, 3804326)
  [MCCFR-NL] iter 530000/1000000  avg_util=-1.5950  infosets=(2861123, 3834261)
  [MCCFR-NL] iter 540000/1000000  avg_util=-1.2536  infosets=(2886809, 3865997)
  [MCCFR-NL] iter 550000/1000000  avg_util=-0.8313  infosets=(2913123, 3895631)
  [MCCFR-NL] iter 560000/1000000  avg_util=-0.7313  infosets=(2936629, 3924363)
  [MCCFR-NL] iter 570000/1000000  avg_util=-0.7396  infosets=(2961700, 3953659)
  [MCCFR-NL] iter 580000/1000000  avg_util=-0.4648  infosets=(2986984, 3984149)
  [MCCFR-NL] iter 590000/1000000  avg_util=-0.4071  infosets=(3011236, 4014213)
  [MCCFR-NL] iter 600000/1000000  avg_util=-0.2350  infosets=(3035079, 4044050)
  [MCCFR-NL] iter 610000/1000000  avg_util=-0.3334  infosets=(3059155, 4073891)
  [MCCFR-NL] iter 620000/1000000  avg_util=0.1726  infosets=(3084496, 4103691)
  [MCCFR-NL] iter 630000/1000000  avg_util=0.2602  infosets=(3110121, 4135463)
  [MCCFR-NL] iter 640000/1000000  avg_util=0.1473  infosets=(3134587, 4164049)
  [MCCFR-NL] iter 650000/1000000  avg_util=0.1912  infosets=(3158204, 4191301)
  [MCCFR-NL] iter 660000/1000000  avg_util=-0.6225  infosets=(3180797, 4218400)
  [MCCFR-NL] iter 670000/1000000  avg_util=-0.7376  infosets=(3202647, 4245699)
  [MCCFR-NL] iter 680000/1000000  avg_util=-0.5630  infosets=(3226240, 4274534)
  [MCCFR-NL] iter 690000/1000000  avg_util=-0.7198  infosets=(3248741, 4301499)
  [MCCFR-NL] iter 700000/1000000  avg_util=-0.6448  infosets=(3272017, 4329751)
  [MCCFR-NL] iter 710000/1000000  avg_util=-0.6448  infosets=(3294845, 4357073)
  [MCCFR-NL] iter 720000/1000000  avg_util=-0.7801  infosets=(3318753, 4384715)
  [MCCFR-NL] iter 730000/1000000  avg_util=-0.8255  infosets=(3341382, 4413135)
  [MCCFR-NL] iter 740000/1000000  avg_util=-0.4909  infosets=(3364182, 4440938)
  [MCCFR-NL] iter 750000/1000000  avg_util=-0.3464  infosets=(3386427, 4468241)
