[slumbot] Building 10-bucket preflop abstraction...
[slumbot] Abstraction built in 156.81s
[slumbot] Training NL MCCFR for 750000 iterations (10 buckets)...
  [MCCFR-NL] iter 10000/750000  avg_util=-29.2525  infosets=(310746, 494612)
  [MCCFR-NL] iter 20000/750000  avg_util=-37.3937  infosets=(497283, 766713)
  [MCCFR-NL] iter 30000/750000  avg_util=-5.6965  infosets=(634424, 960467)
  [MCCFR-NL] iter 40000/750000  avg_util=-4.0024  infosets=(739773, 1105774)
  [MCCFR-NL] iter 50000/750000  avg_util=-18.1180  infosets=(834447, 1239405)
  [MCCFR-NL] iter 60000/750000  avg_util=-1.3231  infosets=(921272, 1363766)
  [MCCFR-NL] iter 70000/750000  avg_util=1.5597  infosets=(999765, 1474555)
  [MCCFR-NL] iter 80000/750000  avg_util=-1.0726  infosets=(1070161, 1569799)
  [MCCFR-NL] iter 90000/750000  avg_util=2.9029  infosets=(1132338, 1654949)
  [MCCFR-NL] iter 100000/750000  avg_util=0.8680  infosets=(1194652, 1740501)
  [MCCFR-NL] iter 110000/750000  avg_util=1.5047  infosets=(1253557, 1820832)
  [MCCFR-NL] iter 120000/750000  avg_util=4.1852  infosets=(1312351, 1899505)
  [MCCFR-NL] iter 130000/750000  avg_util=2.6042  infosets=(1366473, 1969009)
  [MCCFR-NL] iter 140000/750000  avg_util=3.8444  infosets=(1424325, 2042358)
  [MCCFR-NL] iter 150000/750000  avg_util=2.7459  infosets=(1477318, 2109858)
  [MCCFR-NL] iter 160000/750000  avg_util=-0.3302  infosets=(1524816, 2170959)
  [MCCFR-NL] iter 170000/750000  avg_util=-1.2047  infosets=(1573687, 2229740)
  [MCCFR-NL] iter 180000/750000  avg_util=-0.1826  infosets=(1621525, 2290111)
  [MCCFR-NL] iter 190000/750000  avg_util=-0.3652  infosets=(1670438, 2355879)
  [MCCFR-NL] iter 200000/750000  avg_util=1.5398  infosets=(1716885, 2415778)
  [MCCFR-NL] iter 210000/750000  avg_util=0.3162  infosets=(1761500, 2472784)
  [MCCFR-NL] iter 220000/750000  avg_util=-1.3207  infosets=(1804016, 2527301)
  [MCCFR-NL] iter 230000/750000  avg_util=-2.8285  infosets=(1844078, 2578725)
  [MCCFR-NL] iter 240000/750000  avg_util=-1.9174  infosets=(1881705, 2627991)
  [MCCFR-NL] iter 250000/750000  avg_util=-2.4369  infosets=(1917018, 2670911)
  [MCCFR-NL] iter 260000/750000  avg_util=-1.1942  infosets=(1951561, 2711448)
  [MCCFR-NL] iter 270000/750000  avg_util=-2.4226  infosets=(1985374, 2751587)
  [MCCFR-NL] iter 280000/750000  avg_util=-3.2684  infosets=(2018951, 2792442)
  [MCCFR-NL] iter 290000/750000  avg_util=-2.9741  infosets=(2053884, 2835598)
  [MCCFR-NL] iter 300000/750000  avg_util=-3.3490  infosets=(2088637, 2878329)
  [MCCFR-NL] iter 310000/750000  avg_util=-2.9544  infosets=(2121547, 2920106)
  [MCCFR-NL] iter 320000/750000  avg_util=-3.4378  infosets=(2154887, 2962966)
  [MCCFR-NL] iter 330000/750000  avg_util=-3.3910  infosets=(2188945, 3007543)
  [MCCFR-NL] iter 340000/750000  avg_util=-3.3793  infosets=(2221573, 3050207)
  [MCCFR-NL] iter 350000/750000  avg_util=-3.4593  infosets=(2254276, 3093548)
  [MCCFR-NL] iter 360000/750000  avg_util=-3.6944  infosets=(2283596, 3128761)
  [MCCFR-NL] iter 370000/750000  avg_util=-3.8807  infosets=(2313121, 3166508)
  [MCCFR-NL] iter 380000/750000  avg_util=-4.6802  infosets=(2342918, 3204651)
  [MCCFR-NL] iter 390000/750000  avg_util=-4.7251  infosets=(2371384, 3242282)
  [MCCFR-NL] iter 400000/750000  avg_util=-4.6948  infosets=(2402175, 3283747)
  [MCCFR-NL] iter 410000/750000  avg_util=-4.4138  infosets=(2433626, 3323497)
  [MCCFR-NL] iter 420000/750000  avg_util=-4.7050  infosets=(2461095, 3358836)
  [MCCFR-NL] iter 430000/750000  avg_util=-4.4730  infosets=(2490637, 3395833)
  [MCCFR-NL] iter 440000/750000  avg_util=-4.9681  infosets=(2518327, 3431287)
  [MCCFR-NL] iter 450000/750000  avg_util=-4.8487  infosets=(2546524, 3466124)
  [MCCFR-NL] iter 460000/750000  avg_util=-5.2880  infosets=(2576843, 3504877)
  [MCCFR-NL] iter 470000/750000  avg_util=-5.9024  infosets=(2605252, 3540126)
  [MCCFR-NL] iter 480000/750000  avg_util=-6.0194  infosets=(2634085, 3578185)
  [MCCFR-NL] iter 490000/750000  avg_util=-6.3013  infosets=(2662162, 3613113)
  [MCCFR-NL] iter 500000/750000  avg_util=-5.8656  infosets=(2693464, 3651214)
  [MCCFR-NL] iter 510000/750000  avg_util=-5.6359  infosets=(2721015, 3687415)
  [MCCFR-NL] iter 520000/750000  avg_util=-5.7147  infosets=(2749767, 3722823)
  [MCCFR-NL] iter 530000/750000  avg_util=-5.9272  infosets=(2778900, 3759228)
  [MCCFR-NL] iter 540000/750000  avg_util=-5.7328  infosets=(2808298, 3794747)
  [MCCFR-NL] iter 550000/750000  avg_util=-5.5247  infosets=(2836242, 3829885)
  [MCCFR-NL] iter 560000/750000  avg_util=-5.0835  infosets=(2863176, 3864537)
  [MCCFR-NL] iter 570000/750000  avg_util=-5.2760  infosets=(2890469, 3898510)
  [MCCFR-NL] iter 580000/750000  avg_util=-5.3203  infosets=(2917695, 3930935)
  [MCCFR-NL] iter 590000/750000  avg_util=-5.4876  infosets=(2944635, 3963824)
  [MCCFR-NL] iter 600000/750000  avg_util=-5.2717  infosets=(2971509, 3995870)
  [MCCFR-NL] iter 610000/750000  avg_util=-5.2800  infosets=(2999295, 4029903)
  [MCCFR-NL] iter 620000/750000  avg_util=-5.6140  infosets=(3027580, 4066146)
  [MCCFR-NL] iter 630000/750000  avg_util=-5.3042  infosets=(3052148, 4097746)
  [MCCFR-NL] iter 640000/750000  avg_util=-5.5245  infosets=(3078040, 4128599)
  [MCCFR-NL] iter 650000/750000  avg_util=-5.3597  infosets=(3103651, 4158853)
  [MCCFR-NL] iter 660000/750000  avg_util=-5.5891  infosets=(3126153, 4185671)
  [MCCFR-NL] iter 670000/750000  avg_util=-5.7311  infosets=(3149479, 4213061)
  [MCCFR-NL] iter 680000/750000  avg_util=-5.3292  infosets=(3175559, 4242719)
  [MCCFR-NL] iter 690000/750000  avg_util=-5.1188  infosets=(3199170, 4269150)
  [MCCFR-NL] iter 700000/750000  avg_util=-5.0691  infosets=(3223013, 4297188)
  [MCCFR-NL] iter 710000/750000  avg_util=-5.1093  infosets=(3248087, 4327465)
  [MCCFR-NL] iter 720000/750000  avg_util=-5.1350  infosets=(3270213, 4355159)
  [MCCFR-NL] iter 730000/750000  avg_util=-5.2680  infosets=(3292940, 4384634)
  [MCCFR-NL] iter 740000/750000  avg_util=-5.1165  infosets=(3314206, 4409121)
  [MCCFR-NL] iter 750000/750000  avg_util=-5.0532  infosets=(3334851, 4435100)
[slumbot] Training complete in 395.42s. P0: 3334851, P1: 4435100 info sets
[slumbot] Strategy saved to strategy_nl_750k.dat
[slumbot] Starting session: LIVE (slumbot.com), 0 hands

================================================================
  Slumbot Session Results (LIVE (slumbot.com))
================================================================

  Hands played:    0
  Total winnings:  0 chips
  Average:         -nan mbb/hand
  Average:         -nan bb/hand
  Time:            0.0 seconds (-nan hands/sec)

  Game: HUNL 50/100 blinds, 20000 stack (200bb)
  Strategy: NL MCCFR, P0=3334851 P1=4435100 info sets
================================================================
